2025-02-14 09:28:31.712 [restartedMain] INFO  c.e.Journal.JournalAppWithMongoDB - Starting JournalAppWithMongoDB using Java 17.0.10 with PID 20616 (D:\Prince\Workspace\CodeBaseLearning\codeBasedLearning\SpringBoot_E_Digest\04_JournalApp\JournalAppWithMongoDB\target\classes started by erpri in D:\Prince\Workspace\CodeBaseLearning\codeBasedLearning\SpringBoot_E_Digest\04_JournalApp\JournalAppWithMongoDB)
2025-02-14 09:28:31.717 [restartedMain] INFO  c.e.Journal.JournalAppWithMongoDB - No active profile set, falling back to 1 default profile: "default"
2025-02-14 09:28:31.758 [restartedMain] INFO  o.s.b.d.e.DevToolsPropertyDefaultsPostProcessor - Devtools property defaults active! Set 'spring.devtools.add-properties' to 'false' to disable
2025-02-14 09:28:31.758 [restartedMain] INFO  o.s.b.d.e.DevToolsPropertyDefaultsPostProcessor - For additional web related logging consider setting the 'logging.level.web' property to 'DEBUG'
2025-02-14 09:28:32.241 [restartedMain] INFO  o.s.d.r.c.RepositoryConfigurationDelegate - Bootstrapping Spring Data MongoDB repositories in DEFAULT mode.
2025-02-14 09:28:32.293 [restartedMain] INFO  o.s.d.r.c.RepositoryConfigurationDelegate - Finished Spring Data repository scanning in 50 ms. Found 2 MongoDB repository interfaces.
2025-02-14 09:28:32.660 [restartedMain] INFO  o.s.b.w.e.tomcat.TomcatWebServer - Tomcat initialized with port 8282 (http)
2025-02-14 09:28:32.668 [restartedMain] INFO  o.a.coyote.http11.Http11NioProtocol - Initializing ProtocolHandler ["http-nio-8282"]
2025-02-14 09:28:32.671 [restartedMain] INFO  o.a.catalina.core.StandardService - Starting service [Tomcat]
2025-02-14 09:28:32.671 [restartedMain] INFO  o.a.catalina.core.StandardEngine - Starting Servlet engine: [Apache Tomcat/10.1.30]
2025-02-14 09:28:32.706 [restartedMain] INFO  o.a.c.c.C.[Tomcat].[localhost].[/] - Initializing Spring embedded WebApplicationContext
2025-02-14 09:28:32.707 [restartedMain] INFO  o.s.b.w.s.c.ServletWebServerApplicationContext - Root WebApplicationContext: initialization completed in 948 ms
2025-02-14 09:28:32.890 [cluster-ClusterId{value='67aebf683e40a864237881cf', description='Cluster0'}-srv-cluster0.5kijm.mongodb.net] INFO  org.mongodb.driver.cluster - Adding discovered server cluster0-shard-00-00.5kijm.mongodb.net:27017 to client view of cluster
2025-02-14 09:28:32.912 [restartedMain] INFO  org.mongodb.driver.client - MongoClient with metadata {"application": {"name": "Cluster0"}, "driver": {"name": "mongo-java-driver|sync|spring-boot", "version": "5.0.1"}, "os": {"type": "Windows", "name": "Windows 11", "architecture": "amd64", "version": "10.0"}, "platform": "Java/Oracle Corporation/17.0.10+11-LTS-240"} created with settings MongoClientSettings{readPreference=primary, writeConcern=WriteConcern{w=majority, wTimeout=null ms, journal=null}, retryWrites=true, retryReads=true, readConcern=ReadConcern{level=null}, credential=MongoCredential{mechanism=null, userName='erhimanshu924', source='admin', password=<hidden>, mechanismProperties=<hidden>}, transportSettings=null, commandListeners=[], codecRegistry=ProvidersCodecRegistry{codecProviders=[ValueCodecProvider{}, BsonValueCodecProvider{}, DBRefCodecProvider{}, DBObjectCodecProvider{}, DocumentCodecProvider{}, CollectionCodecProvider{}, IterableCodecProvider{}, MapCodecProvider{}, GeoJsonCodecProvider{}, GridFSFileCodecProvider{}, Jsr310CodecProvider{}, JsonObjectCodecProvider{}, BsonCodecProvider{}, EnumCodecProvider{}, com.mongodb.client.model.mql.ExpressionCodecProvider@69ad73da, com.mongodb.Jep395RecordCodecProvider@5945eb79, com.mongodb.KotlinCodecProvider@49814e9c]}, loggerSettings=LoggerSettings{maxDocumentLength=1000}, clusterSettings={hosts=[127.0.0.1:27017], srvHost=cluster0.5kijm.mongodb.net, srvServiceName=mongodb, mode=MULTIPLE, requiredClusterType=REPLICA_SET, requiredReplicaSetName='atlas-sva256-shard-0', serverSelector='null', clusterListeners='[]', serverSelectionTimeout='30000 ms', localThreshold='15 ms'}, socketSettings=SocketSettings{connectTimeoutMS=10000, readTimeoutMS=0, receiveBufferSize=0, proxySettings=ProxySettings{host=null, port=null, username=null, password=null}}, heartbeatSocketSettings=SocketSettings{connectTimeoutMS=10000, readTimeoutMS=10000, receiveBufferSize=0, proxySettings=ProxySettings{host=null, port=null, username=null, password=null}}, connectionPoolSettings=ConnectionPoolSettings{maxSize=100, minSize=0, maxWaitTimeMS=120000, maxConnectionLifeTimeMS=0, maxConnectionIdleTimeMS=0, maintenanceInitialDelayMS=0, maintenanceFrequencyMS=60000, connectionPoolListeners=[], maxConnecting=2}, serverSettings=ServerSettings{heartbeatFrequencyMS=10000, minHeartbeatFrequencyMS=500, serverListeners='[]', serverMonitorListeners='[]'}, sslSettings=SslSettings{enabled=true, invalidHostNameAllowed=false, context=null}, applicationName='Cluster0', compressorList=[], uuidRepresentation=JAVA_LEGACY, serverApi=null, autoEncryptionSettings=null, dnsClient=null, inetAddressResolver=null, contextProvider=null}
2025-02-14 09:28:32.919 [cluster-ClusterId{value='67aebf683e40a864237881cf', description='Cluster0'}-srv-cluster0.5kijm.mongodb.net] INFO  org.mongodb.driver.cluster - Adding discovered server cluster0-shard-00-01.5kijm.mongodb.net:27017 to client view of cluster
2025-02-14 09:28:32.923 [cluster-ClusterId{value='67aebf683e40a864237881cf', description='Cluster0'}-srv-cluster0.5kijm.mongodb.net] INFO  org.mongodb.driver.cluster - Adding discovered server cluster0-shard-00-02.5kijm.mongodb.net:27017 to client view of cluster
2025-02-14 09:28:33.091 [restartedMain] INFO  o.s.b.d.a.OptionalLiveReloadServer - LiveReload server is running on port 35729
2025-02-14 09:28:33.203 [restartedMain] INFO  org.mongodb.driver.cluster - Waiting for server to become available for operation with ID 7. Remaining time: 30000 ms. Selector: WritableServerSelector, topology description: {type=REPLICA_SET, servers=[{address=cluster0-shard-00-00.5kijm.mongodb.net:27017, type=UNKNOWN, state=CONNECTING}, {address=cluster0-shard-00-01.5kijm.mongodb.net:27017, type=UNKNOWN, state=CONNECTING}, {address=cluster0-shard-00-02.5kijm.mongodb.net:27017, type=UNKNOWN, state=CONNECTING}].
2025-02-14 09:28:33.315 [cluster-ClusterId{value='67aebf683e40a864237881cf', description='Cluster0'}-cluster0-shard-00-02.5kijm.mongodb.net:27017] INFO  org.mongodb.driver.cluster - Exception in monitor thread while connecting to server cluster0-shard-00-02.5kijm.mongodb.net:27017
com.mongodb.MongoCommandException: Command failed with error 8000 (AtlasError): 'ip not in whitelist' on server cluster0-shard-00-02.5kijm.mongodb.net:27017. The full response is {"ok": 0, "errmsg": "ip not in whitelist", "code": 8000, "codeName": "AtlasError"}
	at com.mongodb.internal.connection.ProtocolHelper.getCommandFailureException(ProtocolHelper.java:205)
	at com.mongodb.internal.connection.InternalStreamConnection.receiveCommandMessageResponse(InternalStreamConnection.java:431)
	at com.mongodb.internal.connection.InternalStreamConnection.sendAndReceive(InternalStreamConnection.java:354)
	at com.mongodb.internal.connection.CommandHelper.sendAndReceive(CommandHelper.java:92)
	at com.mongodb.internal.connection.CommandHelper.executeCommand(CommandHelper.java:48)
	at com.mongodb.internal.connection.InternalStreamConnectionInitializer.initializeConnectionDescription(InternalStreamConnectionInitializer.java:130)
	at com.mongodb.internal.connection.InternalStreamConnectionInitializer.startHandshake(InternalStreamConnectionInitializer.java:78)
	at com.mongodb.internal.connection.InternalStreamConnection.open(InternalStreamConnection.java:203)
	at com.mongodb.internal.connection.DefaultServerMonitor$ServerMonitorRunnable.lookupServerDescription(DefaultServerMonitor.java:193)
	at com.mongodb.internal.connection.DefaultServerMonitor$ServerMonitorRunnable.run(DefaultServerMonitor.java:153)
	at java.base/java.lang.Thread.run(Thread.java:842)
2025-02-14 09:28:33.314 [cluster-ClusterId{value='67aebf683e40a864237881cf', description='Cluster0'}-cluster0-shard-00-01.5kijm.mongodb.net:27017] INFO  org.mongodb.driver.cluster - Exception in monitor thread while connecting to server cluster0-shard-00-01.5kijm.mongodb.net:27017
com.mongodb.MongoCommandException: Command failed with error 8000 (AtlasError): 'ip not in whitelist' on server cluster0-shard-00-01.5kijm.mongodb.net:27017. The full response is {"ok": 0, "errmsg": "ip not in whitelist", "code": 8000, "codeName": "AtlasError"}
	at com.mongodb.internal.connection.ProtocolHelper.getCommandFailureException(ProtocolHelper.java:205)
	at com.mongodb.internal.connection.InternalStreamConnection.receiveCommandMessageResponse(InternalStreamConnection.java:431)
	at com.mongodb.internal.connection.InternalStreamConnection.sendAndReceive(InternalStreamConnection.java:354)
	at com.mongodb.internal.connection.CommandHelper.sendAndReceive(CommandHelper.java:92)
	at com.mongodb.internal.connection.CommandHelper.executeCommand(CommandHelper.java:48)
	at com.mongodb.internal.connection.InternalStreamConnectionInitializer.initializeConnectionDescription(InternalStreamConnectionInitializer.java:130)
	at com.mongodb.internal.connection.InternalStreamConnectionInitializer.startHandshake(InternalStreamConnectionInitializer.java:78)
	at com.mongodb.internal.connection.InternalStreamConnection.open(InternalStreamConnection.java:203)
	at com.mongodb.internal.connection.DefaultServerMonitor$ServerMonitorRunnable.lookupServerDescription(DefaultServerMonitor.java:193)
	at com.mongodb.internal.connection.DefaultServerMonitor$ServerMonitorRunnable.run(DefaultServerMonitor.java:153)
	at java.base/java.lang.Thread.run(Thread.java:842)
2025-02-14 09:28:33.338 [cluster-ClusterId{value='67aebf683e40a864237881cf', description='Cluster0'}-cluster0-shard-00-00.5kijm.mongodb.net:27017] INFO  org.mongodb.driver.cluster - Exception in monitor thread while connecting to server cluster0-shard-00-00.5kijm.mongodb.net:27017
com.mongodb.MongoCommandException: Command failed with error 8000 (AtlasError): 'ip not in whitelist' on server cluster0-shard-00-00.5kijm.mongodb.net:27017. The full response is {"ok": 0, "errmsg": "ip not in whitelist", "code": 8000, "codeName": "AtlasError"}
	at com.mongodb.internal.connection.ProtocolHelper.getCommandFailureException(ProtocolHelper.java:205)
	at com.mongodb.internal.connection.InternalStreamConnection.receiveCommandMessageResponse(InternalStreamConnection.java:431)
	at com.mongodb.internal.connection.InternalStreamConnection.sendAndReceive(InternalStreamConnection.java:354)
	at com.mongodb.internal.connection.CommandHelper.sendAndReceive(CommandHelper.java:92)
	at com.mongodb.internal.connection.CommandHelper.executeCommand(CommandHelper.java:48)
	at com.mongodb.internal.connection.InternalStreamConnectionInitializer.initializeConnectionDescription(InternalStreamConnectionInitializer.java:130)
	at com.mongodb.internal.connection.InternalStreamConnectionInitializer.startHandshake(InternalStreamConnectionInitializer.java:78)
	at com.mongodb.internal.connection.InternalStreamConnection.open(InternalStreamConnection.java:203)
	at com.mongodb.internal.connection.DefaultServerMonitor$ServerMonitorRunnable.lookupServerDescription(DefaultServerMonitor.java:193)
	at com.mongodb.internal.connection.DefaultServerMonitor$ServerMonitorRunnable.run(DefaultServerMonitor.java:153)
	at java.base/java.lang.Thread.run(Thread.java:842)
2025-02-14 09:28:33.912 [cluster-ClusterId{value='67aebf683e40a864237881cf', description='Cluster0'}-cluster0-shard-00-01.5kijm.mongodb.net:27017] INFO  org.mongodb.driver.cluster - Monitor thread successfully connected to server with description ServerDescription{address=cluster0-shard-00-01.5kijm.mongodb.net:27017, type=REPLICA_SET_SECONDARY, state=CONNECTED, ok=true, minWireVersion=0, maxWireVersion=25, maxDocumentSize=16777216, logicalSessionTimeoutMinutes=30, roundTripTimeNanos=66198600, setName='atlas-sva256-shard-0', canonicalAddress=cluster0-shard-00-01.5kijm.mongodb.net:27017, hosts=[cluster0-shard-00-00.5kijm.mongodb.net:27017, cluster0-shard-00-02.5kijm.mongodb.net:27017, cluster0-shard-00-01.5kijm.mongodb.net:27017], passives=[], arbiters=[], primary='cluster0-shard-00-02.5kijm.mongodb.net:27017', tagSet=TagSet{[Tag{name='availabilityZone', value='aps1-az3'}, Tag{name='diskState', value='READY'}, Tag{name='nodeType', value='ELECTABLE'}, Tag{name='provider', value='AWS'}, Tag{name='region', value='AP_SOUTH_1'}, Tag{name='workloadType', value='OPERATIONAL'}]}, electionId=null, setVersion=1, topologyVersion=TopologyVersion{processId=67ac8b9503d83c04d7bed2ed, counter=3}, lastWriteDate=Fri Feb 14 09:28:28 IST 2025, lastUpdateTimeNanos=4833572449400}
2025-02-14 09:28:33.912 [cluster-ClusterId{value='67aebf683e40a864237881cf', description='Cluster0'}-cluster0-shard-00-02.5kijm.mongodb.net:27017] INFO  org.mongodb.driver.cluster - Monitor thread successfully connected to server with description ServerDescription{address=cluster0-shard-00-02.5kijm.mongodb.net:27017, type=REPLICA_SET_PRIMARY, state=CONNECTED, ok=true, minWireVersion=0, maxWireVersion=25, maxDocumentSize=16777216, logicalSessionTimeoutMinutes=30, roundTripTimeNanos=66302300, setName='atlas-sva256-shard-0', canonicalAddress=cluster0-shard-00-02.5kijm.mongodb.net:27017, hosts=[cluster0-shard-00-00.5kijm.mongodb.net:27017, cluster0-shard-00-02.5kijm.mongodb.net:27017, cluster0-shard-00-01.5kijm.mongodb.net:27017], passives=[], arbiters=[], primary='cluster0-shard-00-02.5kijm.mongodb.net:27017', tagSet=TagSet{[Tag{name='availabilityZone', value='aps1-az2'}, Tag{name='diskState', value='READY'}, Tag{name='nodeType', value='ELECTABLE'}, Tag{name='provider', value='AWS'}, Tag{name='region', value='AP_SOUTH_1'}, Tag{name='workloadType', value='OPERATIONAL'}]}, electionId=7fffffff000000000000006f, setVersion=1, topologyVersion=TopologyVersion{processId=67ac8a2ff43db18f589f86be, counter=6}, lastWriteDate=Fri Feb 14 09:28:28 IST 2025, lastUpdateTimeNanos=4833572449500}
2025-02-14 09:28:33.917 [cluster-ClusterId{value='67aebf683e40a864237881cf', description='Cluster0'}-cluster0-shard-00-02.5kijm.mongodb.net:27017] INFO  org.mongodb.driver.cluster - Discovered replica set primary cluster0-shard-00-02.5kijm.mongodb.net:27017 with max election id 7fffffff000000000000006f and max set version 1
2025-02-14 09:28:33.921 [cluster-ClusterId{value='67aebf683e40a864237881cf', description='Cluster0'}-cluster0-shard-00-00.5kijm.mongodb.net:27017] INFO  org.mongodb.driver.cluster - Monitor thread successfully connected to server with description ServerDescription{address=cluster0-shard-00-00.5kijm.mongodb.net:27017, type=REPLICA_SET_SECONDARY, state=CONNECTED, ok=true, minWireVersion=0, maxWireVersion=25, maxDocumentSize=16777216, logicalSessionTimeoutMinutes=30, roundTripTimeNanos=58146600, setName='atlas-sva256-shard-0', canonicalAddress=cluster0-shard-00-00.5kijm.mongodb.net:27017, hosts=[cluster0-shard-00-00.5kijm.mongodb.net:27017, cluster0-shard-00-02.5kijm.mongodb.net:27017, cluster0-shard-00-01.5kijm.mongodb.net:27017], passives=[], arbiters=[], primary='cluster0-shard-00-02.5kijm.mongodb.net:27017', tagSet=TagSet{[Tag{name='availabilityZone', value='aps1-az1'}, Tag{name='diskState', value='READY'}, Tag{name='nodeType', value='ELECTABLE'}, Tag{name='provider', value='AWS'}, Tag{name='region', value='AP_SOUTH_1'}, Tag{name='workloadType', value='OPERATIONAL'}]}, electionId=null, setVersion=1, topologyVersion=TopologyVersion{processId=67ac8904d622c4c9a0d8a891, counter=4}, lastWriteDate=Fri Feb 14 09:28:28 IST 2025, lastUpdateTimeNanos=4833583903200}
2025-02-14 09:28:34.342 [restartedMain] INFO  o.s.s.c.a.a.c.InitializeUserDetailsBeanManagerConfigurer$InitializeUserDetailsManagerConfigurer - Global AuthenticationManager configured with UserDetailsService bean with name userDetailsServiceImpl
2025-02-14 09:28:34.735 [restartedMain] INFO  o.a.coyote.http11.Http11NioProtocol - Starting ProtocolHandler ["http-nio-8282"]
2025-02-14 09:28:34.749 [restartedMain] INFO  o.s.b.w.e.tomcat.TomcatWebServer - Tomcat started on port 8282 (http) with context path '/'
2025-02-14 09:28:34.759 [restartedMain] INFO  c.e.Journal.JournalAppWithMongoDB - Started JournalAppWithMongoDB in 3.455 seconds (process running for 3.954)
2025-02-14 09:30:24.881 [http-nio-8282-exec-2] INFO  o.a.c.c.C.[Tomcat].[localhost].[/] - Initializing Spring DispatcherServlet 'dispatcherServlet'
2025-02-14 09:30:24.882 [http-nio-8282-exec-2] INFO  o.s.web.servlet.DispatcherServlet - Initializing Servlet 'dispatcherServlet'
2025-02-14 09:30:24.885 [http-nio-8282-exec-2] INFO  o.s.web.servlet.DispatcherServlet - Completed initialization in 2 ms
2025-02-14 09:30:25.687 [http-nio-8282-exec-2] INFO  c.e.Journal.service.UserService - Get User By Username call, User: User(id=6764edd212a84f0701bca80d, userName=Himanshu, password=$2a$10$BtNXEGE.MV7Xea6CFs4GGuu/sV3ZGxh9syHOEo1RvgDmm8iLFTpWy, journalEntries=[Journal(id=676500b412a84f0701bca815, Topic=Morning, content=I love to wake in the Morning, date=2024-12-20T10:59:24.627), Journal(id=676511a712a84f0701bca827, Topic=Night, content=I love to sleep at night, date=2024-12-20T12:11:43.225)], roles=[USER, ADMIN])
2025-02-14 09:31:05.770 [http-nio-8282-exec-3] INFO  c.e.Journal.service.UserService - Get ALL call, Users list: [User(id=6763a5dcd919a663c29e6f1a, userName=Rahul, password=$2a$10$gP3X4u5.AU7RQYAPaXhTWey3VnSXNCCGpWI2tqu.FR/rQhHK6LvYa, journalEntries=[], roles=[USER]), User(id=6764edd212a84f0701bca80d, userName=Himanshu, password=$2a$10$BtNXEGE.MV7Xea6CFs4GGuu/sV3ZGxh9syHOEo1RvgDmm8iLFTpWy, journalEntries=[Journal(id=676500b412a84f0701bca815, Topic=Morning, content=I love to wake in the Morning, date=2024-12-20T10:59:24.627), Journal(id=676511a712a84f0701bca827, Topic=Night, content=I love to sleep at night, date=2024-12-20T12:11:43.225)], roles=[USER, ADMIN]), User(id=6767f83e7126c3498d2b19bd, userName=prince, password=$2a$10$ZYOmTio/Qdqzj0p.L.AI.uEH8C04sNJhY4p1Dzt6T8a/Hpp5WKeb., journalEntries=[], roles=[USER])]
2025-02-14 09:31:48.312 [http-nio-8282-exec-6] ERROR c.e.Journal.service.UserService - inside save Entry, Duplicate key not allowed: Write operation error on server cluster0-shard-00-02.5kijm.mongodb.net:27017. Write error: WriteError{code=11000, message='E11000 duplicate key error collection: journaldb.users index: userName dup key: { userName: "prince" }', details={}}.
2025-02-14 09:31:48.322 [http-nio-8282-exec-6] WARN  o.s.w.s.m.m.a.ExceptionHandlerExceptionResolver - Resolved [com.example.Journal.exception.CustomApplicationException: Duplicate Key not allowed: Id=null]
2025-02-14 09:36:11.217 [RMI TCP Connection(11)-127.0.0.1] INFO  o.s.b.a.SpringApplicationAdminMXBeanRegistrar$SpringApplicationAdmin - Application shutdown requested.
2025-02-14 09:36:11.221 [RMI TCP Connection(11)-127.0.0.1] INFO  o.a.coyote.http11.Http11NioProtocol - Stopping ProtocolHandler ["http-nio-8282"]
