2025-05-05 08:57:17.748 [restartedMain] INFO  c.e.Journal.JournalAppWithMongoDB - Starting JournalAppWithMongoDB using Java 22.0.2 with PID 11228 (D:\Prince\Workspace\CodeBaseLearning\codeBasedLearning\SpringBoot_E_Digest\04_JournalApp\JournalAppWithMongoDB\target\classes started by erpri in D:\Prince\Workspace\CodeBaseLearning\codeBasedLearning\SpringBoot_E_Digest\04_JournalApp\JournalAppWithMongoDB)
2025-05-05 08:57:17.750 [restartedMain] INFO  c.e.Journal.JournalAppWithMongoDB - No active profile set, falling back to 1 default profile: "default"
2025-05-05 08:57:17.803 [restartedMain] INFO  o.s.b.d.e.DevToolsPropertyDefaultsPostProcessor - Devtools property defaults active! Set 'spring.devtools.add-properties' to 'false' to disable
2025-05-05 08:57:17.804 [restartedMain] INFO  o.s.b.d.e.DevToolsPropertyDefaultsPostProcessor - For additional web related logging consider setting the 'logging.level.web' property to 'DEBUG'
2025-05-05 08:57:18.772 [restartedMain] INFO  o.s.d.r.c.RepositoryConfigurationDelegate - Multiple Spring Data modules found, entering strict repository configuration mode
2025-05-05 08:57:18.774 [restartedMain] INFO  o.s.d.r.c.RepositoryConfigurationDelegate - Bootstrapping Spring Data MongoDB repositories in DEFAULT mode.
2025-05-05 08:57:18.940 [restartedMain] INFO  o.s.d.r.c.RepositoryConfigurationDelegate - Finished Spring Data repository scanning in 158 ms. Found 2 MongoDB repository interfaces.
2025-05-05 08:57:18.960 [restartedMain] INFO  o.s.d.r.c.RepositoryConfigurationDelegate - Multiple Spring Data modules found, entering strict repository configuration mode
2025-05-05 08:57:18.961 [restartedMain] INFO  o.s.d.r.c.RepositoryConfigurationDelegate - Bootstrapping Spring Data Redis repositories in DEFAULT mode.
2025-05-05 08:57:18.975 [restartedMain] INFO  o.s.d.r.c.RepositoryConfigurationExtensionSupport - Spring Data Redis - Could not safely identify store assignment for repository candidate interface com.example.Journal.repository.JournalRepository; If you want this repository to be a Redis repository, consider annotating your entities with one of these annotations: org.springframework.data.redis.core.RedisHash (preferred), or consider extending one of the following types with your repository: org.springframework.data.keyvalue.repository.KeyValueRepository
2025-05-05 08:57:18.976 [restartedMain] INFO  o.s.d.r.c.RepositoryConfigurationExtensionSupport - Spring Data Redis - Could not safely identify store assignment for repository candidate interface com.example.Journal.repository.UserRepository; If you want this repository to be a Redis repository, consider annotating your entities with one of these annotations: org.springframework.data.redis.core.RedisHash (preferred), or consider extending one of the following types with your repository: org.springframework.data.keyvalue.repository.KeyValueRepository
2025-05-05 08:57:18.976 [restartedMain] INFO  o.s.d.r.c.RepositoryConfigurationDelegate - Finished Spring Data repository scanning in 6 ms. Found 0 Redis repository interfaces.
2025-05-05 08:57:19.597 [restartedMain] INFO  o.s.b.w.e.tomcat.TomcatWebServer - Tomcat initialized with port 8282 (http)
2025-05-05 08:57:19.612 [restartedMain] INFO  o.a.coyote.http11.Http11NioProtocol - Initializing ProtocolHandler ["http-nio-8282"]
2025-05-05 08:57:19.616 [restartedMain] INFO  o.a.catalina.core.StandardService - Starting service [Tomcat]
2025-05-05 08:57:19.616 [restartedMain] INFO  o.a.catalina.core.StandardEngine - Starting Servlet engine: [Apache Tomcat/10.1.30]
2025-05-05 08:57:19.673 [restartedMain] INFO  o.a.c.c.C.[Tomcat].[localhost].[/] - Initializing Spring embedded WebApplicationContext
2025-05-05 08:57:19.674 [restartedMain] INFO  o.s.b.w.s.c.ServletWebServerApplicationContext - Root WebApplicationContext: initialization completed in 1870 ms
2025-05-05 08:57:19.887 [cluster-ClusterId{value='68183017a2cd175fcec51869', description='Cluster0'}-srv-cluster0.5kijm.mongodb.net] INFO  org.mongodb.driver.cluster - Adding discovered server cluster0-shard-00-00.5kijm.mongodb.net:27017 to client view of cluster
2025-05-05 08:57:19.909 [restartedMain] INFO  org.mongodb.driver.client - MongoClient with metadata {"application": {"name": "Cluster0"}, "driver": {"name": "mongo-java-driver|sync|spring-boot", "version": "5.0.1"}, "os": {"type": "Windows", "name": "Windows 11", "architecture": "amd64", "version": "10.0"}, "platform": "Java/Oracle Corporation/22.0.2+9-70"} created with settings MongoClientSettings{readPreference=primary, writeConcern=WriteConcern{w=majority, wTimeout=null ms, journal=null}, retryWrites=true, retryReads=true, readConcern=ReadConcern{level=null}, credential=MongoCredential{mechanism=null, userName='erhimanshu924', source='admin', password=<hidden>, mechanismProperties=<hidden>}, transportSettings=null, commandListeners=[], codecRegistry=ProvidersCodecRegistry{codecProviders=[ValueCodecProvider{}, BsonValueCodecProvider{}, DBRefCodecProvider{}, DBObjectCodecProvider{}, DocumentCodecProvider{}, CollectionCodecProvider{}, IterableCodecProvider{}, MapCodecProvider{}, GeoJsonCodecProvider{}, GridFSFileCodecProvider{}, Jsr310CodecProvider{}, JsonObjectCodecProvider{}, BsonCodecProvider{}, EnumCodecProvider{}, com.mongodb.client.model.mql.ExpressionCodecProvider@6e13a030, com.mongodb.Jep395RecordCodecProvider@593e648a, com.mongodb.KotlinCodecProvider@5cfc39e6]}, loggerSettings=LoggerSettings{maxDocumentLength=1000}, clusterSettings={hosts=[127.0.0.1:27017], srvHost=cluster0.5kijm.mongodb.net, srvServiceName=mongodb, mode=MULTIPLE, requiredClusterType=REPLICA_SET, requiredReplicaSetName='atlas-sva256-shard-0', serverSelector='null', clusterListeners='[]', serverSelectionTimeout='30000 ms', localThreshold='15 ms'}, socketSettings=SocketSettings{connectTimeoutMS=10000, readTimeoutMS=0, receiveBufferSize=0, proxySettings=ProxySettings{host=null, port=null, username=null, password=null}}, heartbeatSocketSettings=SocketSettings{connectTimeoutMS=10000, readTimeoutMS=10000, receiveBufferSize=0, proxySettings=ProxySettings{host=null, port=null, username=null, password=null}}, connectionPoolSettings=ConnectionPoolSettings{maxSize=100, minSize=0, maxWaitTimeMS=120000, maxConnectionLifeTimeMS=0, maxConnectionIdleTimeMS=0, maintenanceInitialDelayMS=0, maintenanceFrequencyMS=60000, connectionPoolListeners=[], maxConnecting=2}, serverSettings=ServerSettings{heartbeatFrequencyMS=10000, minHeartbeatFrequencyMS=500, serverListeners='[]', serverMonitorListeners='[]'}, sslSettings=SslSettings{enabled=true, invalidHostNameAllowed=false, context=null}, applicationName='Cluster0', compressorList=[], uuidRepresentation=JAVA_LEGACY, serverApi=null, autoEncryptionSettings=null, dnsClient=null, inetAddressResolver=null, contextProvider=null}
2025-05-05 08:57:19.922 [cluster-ClusterId{value='68183017a2cd175fcec51869', description='Cluster0'}-srv-cluster0.5kijm.mongodb.net] INFO  org.mongodb.driver.cluster - Adding discovered server cluster0-shard-00-01.5kijm.mongodb.net:27017 to client view of cluster
2025-05-05 08:57:19.926 [cluster-ClusterId{value='68183017a2cd175fcec51869', description='Cluster0'}-srv-cluster0.5kijm.mongodb.net] INFO  org.mongodb.driver.cluster - Adding discovered server cluster0-shard-00-02.5kijm.mongodb.net:27017 to client view of cluster
2025-05-05 08:57:20.285 [restartedMain] INFO  org.mongodb.driver.cluster - Waiting for server to become available for operation with ID 7. Remaining time: 30000 ms. Selector: WritableServerSelector, topology description: {type=REPLICA_SET, servers=[{address=cluster0-shard-00-00.5kijm.mongodb.net:27017, type=UNKNOWN, state=CONNECTING}, {address=cluster0-shard-00-01.5kijm.mongodb.net:27017, type=UNKNOWN, state=CONNECTING}, {address=cluster0-shard-00-02.5kijm.mongodb.net:27017, type=UNKNOWN, state=CONNECTING}].
2025-05-05 08:57:20.393 [cluster-ClusterId{value='68183017a2cd175fcec51869', description='Cluster0'}-cluster0-shard-00-01.5kijm.mongodb.net:27017] INFO  org.mongodb.driver.cluster - Monitor thread successfully connected to server with description ServerDescription{address=cluster0-shard-00-01.5kijm.mongodb.net:27017, type=REPLICA_SET_SECONDARY, state=CONNECTED, ok=true, minWireVersion=0, maxWireVersion=25, maxDocumentSize=16777216, logicalSessionTimeoutMinutes=30, roundTripTimeNanos=260520500, setName='atlas-sva256-shard-0', canonicalAddress=cluster0-shard-00-01.5kijm.mongodb.net:27017, hosts=[cluster0-shard-00-00.5kijm.mongodb.net:27017, cluster0-shard-00-02.5kijm.mongodb.net:27017, cluster0-shard-00-01.5kijm.mongodb.net:27017], passives=[], arbiters=[], primary='cluster0-shard-00-02.5kijm.mongodb.net:27017', tagSet=TagSet{[Tag{name='availabilityZone', value='aps1-az3'}, Tag{name='diskState', value='READY'}, Tag{name='nodeType', value='ELECTABLE'}, Tag{name='provider', value='AWS'}, Tag{name='region', value='AP_SOUTH_1'}, Tag{name='workloadType', value='OPERATIONAL'}]}, electionId=null, setVersion=1, topologyVersion=TopologyVersion{processId=680624ba957770debc31c384, counter=3}, lastWriteDate=Mon May 05 08:57:15 IST 2025, lastUpdateTimeNanos=2724069090700}
2025-05-05 08:57:20.393 [cluster-ClusterId{value='68183017a2cd175fcec51869', description='Cluster0'}-cluster0-shard-00-00.5kijm.mongodb.net:27017] INFO  org.mongodb.driver.cluster - Monitor thread successfully connected to server with description ServerDescription{address=cluster0-shard-00-00.5kijm.mongodb.net:27017, type=REPLICA_SET_SECONDARY, state=CONNECTED, ok=true, minWireVersion=0, maxWireVersion=25, maxDocumentSize=16777216, logicalSessionTimeoutMinutes=30, roundTripTimeNanos=259296300, setName='atlas-sva256-shard-0', canonicalAddress=cluster0-shard-00-00.5kijm.mongodb.net:27017, hosts=[cluster0-shard-00-00.5kijm.mongodb.net:27017, cluster0-shard-00-02.5kijm.mongodb.net:27017, cluster0-shard-00-01.5kijm.mongodb.net:27017], passives=[], arbiters=[], primary='cluster0-shard-00-02.5kijm.mongodb.net:27017', tagSet=TagSet{[Tag{name='availabilityZone', value='aps1-az1'}, Tag{name='diskState', value='READY'}, Tag{name='nodeType', value='ELECTABLE'}, Tag{name='provider', value='AWS'}, Tag{name='region', value='AP_SOUTH_1'}, Tag{name='workloadType', value='OPERATIONAL'}]}, electionId=null, setVersion=1, topologyVersion=TopologyVersion{processId=680621f62746f428b206d048, counter=4}, lastWriteDate=Mon May 05 08:57:15 IST 2025, lastUpdateTimeNanos=2724069008100}
2025-05-05 08:57:20.394 [cluster-ClusterId{value='68183017a2cd175fcec51869', description='Cluster0'}-cluster0-shard-00-02.5kijm.mongodb.net:27017] INFO  org.mongodb.driver.cluster - Monitor thread successfully connected to server with description ServerDescription{address=cluster0-shard-00-02.5kijm.mongodb.net:27017, type=REPLICA_SET_PRIMARY, state=CONNECTED, ok=true, minWireVersion=0, maxWireVersion=25, maxDocumentSize=16777216, logicalSessionTimeoutMinutes=30, roundTripTimeNanos=260592000, setName='atlas-sva256-shard-0', canonicalAddress=cluster0-shard-00-02.5kijm.mongodb.net:27017, hosts=[cluster0-shard-00-00.5kijm.mongodb.net:27017, cluster0-shard-00-02.5kijm.mongodb.net:27017, cluster0-shard-00-01.5kijm.mongodb.net:27017], passives=[], arbiters=[], primary='cluster0-shard-00-02.5kijm.mongodb.net:27017', tagSet=TagSet{[Tag{name='availabilityZone', value='aps1-az2'}, Tag{name='diskState', value='READY'}, Tag{name='nodeType', value='ELECTABLE'}, Tag{name='provider', value='AWS'}, Tag{name='region', value='AP_SOUTH_1'}, Tag{name='workloadType', value='OPERATIONAL'}]}, electionId=7fffffff00000000000000a9, setVersion=1, topologyVersion=TopologyVersion{processId=6806239a542b9de0ff0eddeb, counter=6}, lastWriteDate=Mon May 05 08:57:15 IST 2025, lastUpdateTimeNanos=2724069008400}
2025-05-05 08:57:20.397 [cluster-ClusterId{value='68183017a2cd175fcec51869', description='Cluster0'}-cluster0-shard-00-02.5kijm.mongodb.net:27017] INFO  org.mongodb.driver.cluster - Discovered replica set primary cluster0-shard-00-02.5kijm.mongodb.net:27017 with max election id 7fffffff00000000000000a9 and max set version 1
2025-05-05 08:57:20.851 [restartedMain] INFO  o.s.b.d.a.OptionalLiveReloadServer - LiveReload server is running on port 35729
2025-05-05 08:57:21.233 [restartedMain] INFO  o.s.s.c.a.a.c.InitializeUserDetailsBeanManagerConfigurer$InitializeUserDetailsManagerConfigurer - Global AuthenticationManager configured with UserDetailsService bean with name userDetailsServiceImpl
2025-05-05 08:57:22.134 [restartedMain] INFO  o.a.coyote.http11.Http11NioProtocol - Starting ProtocolHandler ["http-nio-8282"]
2025-05-05 08:57:22.145 [restartedMain] INFO  o.s.b.w.e.tomcat.TomcatWebServer - Tomcat started on port 8282 (http) with context path '/'
2025-05-05 08:57:22.158 [restartedMain] INFO  c.e.Journal.JournalAppWithMongoDB - Started JournalAppWithMongoDB in 4.983 seconds (process running for 5.777)
2025-05-05 08:57:29.724 [http-nio-8282-exec-1] INFO  o.a.c.c.C.[Tomcat].[localhost].[/] - Initializing Spring DispatcherServlet 'dispatcherServlet'
2025-05-05 08:57:29.725 [http-nio-8282-exec-1] INFO  o.s.web.servlet.DispatcherServlet - Initializing Servlet 'dispatcherServlet'
2025-05-05 08:57:29.728 [http-nio-8282-exec-1] INFO  o.s.web.servlet.DispatcherServlet - Completed initialization in 3 ms
2025-05-05 08:57:30.441 [http-nio-8282-exec-7] INFO  o.s.api.AbstractOpenApiResource - Init duration for springdoc-openapi is: 350 ms
2025-05-05 08:57:48.654 [http-nio-8282-exec-1] INFO  c.e.J.c.GoogleAuthController - Inside callback function for Google Authentication
2025-05-05 09:07:00.894 [File Watcher] INFO  o.s.b.d.a.LocalDevToolsAutoConfiguration$RestartingClassPathChangeChangedEventListener - Restarting due to 4 class path changes (0 additions, 0 deletions, 4 modifications)
2025-05-05 09:07:00.903 [Thread-4] INFO  o.a.coyote.http11.Http11NioProtocol - Stopping ProtocolHandler ["http-nio-8282"]
2025-05-05 09:07:01.164 [restartedMain] INFO  c.e.Journal.JournalAppWithMongoDB - Starting JournalAppWithMongoDB using Java 22.0.2 with PID 11228 (D:\Prince\Workspace\CodeBaseLearning\codeBasedLearning\SpringBoot_E_Digest\04_JournalApp\JournalAppWithMongoDB\target\classes started by erpri in D:\Prince\Workspace\CodeBaseLearning\codeBasedLearning\SpringBoot_E_Digest\04_JournalApp\JournalAppWithMongoDB)
2025-05-05 09:07:01.164 [restartedMain] INFO  c.e.Journal.JournalAppWithMongoDB - No active profile set, falling back to 1 default profile: "default"
2025-05-05 09:07:01.346 [restartedMain] INFO  o.s.d.r.c.RepositoryConfigurationDelegate - Multiple Spring Data modules found, entering strict repository configuration mode
2025-05-05 09:07:01.346 [restartedMain] INFO  o.s.d.r.c.RepositoryConfigurationDelegate - Bootstrapping Spring Data MongoDB repositories in DEFAULT mode.
2025-05-05 09:07:01.356 [restartedMain] INFO  o.s.d.r.c.RepositoryConfigurationDelegate - Finished Spring Data repository scanning in 10 ms. Found 2 MongoDB repository interfaces.
2025-05-05 09:07:01.359 [restartedMain] INFO  o.s.d.r.c.RepositoryConfigurationDelegate - Multiple Spring Data modules found, entering strict repository configuration mode
2025-05-05 09:07:01.360 [restartedMain] INFO  o.s.d.r.c.RepositoryConfigurationDelegate - Bootstrapping Spring Data Redis repositories in DEFAULT mode.
2025-05-05 09:07:01.362 [restartedMain] INFO  o.s.d.r.c.RepositoryConfigurationExtensionSupport - Spring Data Redis - Could not safely identify store assignment for repository candidate interface com.example.Journal.repository.JournalRepository; If you want this repository to be a Redis repository, consider annotating your entities with one of these annotations: org.springframework.data.redis.core.RedisHash (preferred), or consider extending one of the following types with your repository: org.springframework.data.keyvalue.repository.KeyValueRepository
2025-05-05 09:07:01.363 [restartedMain] INFO  o.s.d.r.c.RepositoryConfigurationExtensionSupport - Spring Data Redis - Could not safely identify store assignment for repository candidate interface com.example.Journal.repository.UserRepository; If you want this repository to be a Redis repository, consider annotating your entities with one of these annotations: org.springframework.data.redis.core.RedisHash (preferred), or consider extending one of the following types with your repository: org.springframework.data.keyvalue.repository.KeyValueRepository
2025-05-05 09:07:01.363 [restartedMain] INFO  o.s.d.r.c.RepositoryConfigurationDelegate - Finished Spring Data repository scanning in 3 ms. Found 0 Redis repository interfaces.
2025-05-05 09:07:01.465 [restartedMain] INFO  o.s.b.w.e.tomcat.TomcatWebServer - Tomcat initialized with port 8282 (http)
2025-05-05 09:07:01.467 [restartedMain] INFO  o.a.coyote.http11.Http11NioProtocol - Initializing ProtocolHandler ["http-nio-8282"]
2025-05-05 09:07:01.467 [restartedMain] INFO  o.a.catalina.core.StandardService - Starting service [Tomcat]
2025-05-05 09:07:01.468 [restartedMain] INFO  o.a.catalina.core.StandardEngine - Starting Servlet engine: [Apache Tomcat/10.1.30]
2025-05-05 09:07:01.483 [restartedMain] INFO  o.a.c.c.C.[Tomcat].[localhost].[/] - Initializing Spring embedded WebApplicationContext
2025-05-05 09:07:01.484 [restartedMain] INFO  o.s.b.w.s.c.ServletWebServerApplicationContext - Root WebApplicationContext: initialization completed in 318 ms
2025-05-05 09:07:01.519 [restartedMain] INFO  org.mongodb.driver.client - MongoClient with metadata {"application": {"name": "Cluster0"}, "driver": {"name": "mongo-java-driver|sync|spring-boot", "version": "5.0.1"}, "os": {"type": "Windows", "name": "Windows 11", "architecture": "amd64", "version": "10.0"}, "platform": "Java/Oracle Corporation/22.0.2+9-70"} created with settings MongoClientSettings{readPreference=primary, writeConcern=WriteConcern{w=majority, wTimeout=null ms, journal=null}, retryWrites=true, retryReads=true, readConcern=ReadConcern{level=null}, credential=MongoCredential{mechanism=null, userName='erhimanshu924', source='admin', password=<hidden>, mechanismProperties=<hidden>}, transportSettings=null, commandListeners=[], codecRegistry=ProvidersCodecRegistry{codecProviders=[ValueCodecProvider{}, BsonValueCodecProvider{}, DBRefCodecProvider{}, DBObjectCodecProvider{}, DocumentCodecProvider{}, CollectionCodecProvider{}, IterableCodecProvider{}, MapCodecProvider{}, GeoJsonCodecProvider{}, GridFSFileCodecProvider{}, Jsr310CodecProvider{}, JsonObjectCodecProvider{}, BsonCodecProvider{}, EnumCodecProvider{}, com.mongodb.client.model.mql.ExpressionCodecProvider@6e13a030, com.mongodb.Jep395RecordCodecProvider@593e648a, com.mongodb.KotlinCodecProvider@5cfc39e6]}, loggerSettings=LoggerSettings{maxDocumentLength=1000}, clusterSettings={hosts=[127.0.0.1:27017], srvHost=cluster0.5kijm.mongodb.net, srvServiceName=mongodb, mode=MULTIPLE, requiredClusterType=REPLICA_SET, requiredReplicaSetName='atlas-sva256-shard-0', serverSelector='null', clusterListeners='[]', serverSelectionTimeout='30000 ms', localThreshold='15 ms'}, socketSettings=SocketSettings{connectTimeoutMS=10000, readTimeoutMS=0, receiveBufferSize=0, proxySettings=ProxySettings{host=null, port=null, username=null, password=null}}, heartbeatSocketSettings=SocketSettings{connectTimeoutMS=10000, readTimeoutMS=10000, receiveBufferSize=0, proxySettings=ProxySettings{host=null, port=null, username=null, password=null}}, connectionPoolSettings=ConnectionPoolSettings{maxSize=100, minSize=0, maxWaitTimeMS=120000, maxConnectionLifeTimeMS=0, maxConnectionIdleTimeMS=0, maintenanceInitialDelayMS=0, maintenanceFrequencyMS=60000, connectionPoolListeners=[], maxConnecting=2}, serverSettings=ServerSettings{heartbeatFrequencyMS=10000, minHeartbeatFrequencyMS=500, serverListeners='[]', serverMonitorListeners='[]'}, sslSettings=SslSettings{enabled=true, invalidHostNameAllowed=false, context=null}, applicationName='Cluster0', compressorList=[], uuidRepresentation=JAVA_LEGACY, serverApi=null, autoEncryptionSettings=null, dnsClient=null, inetAddressResolver=null, contextProvider=null}
2025-05-05 09:07:01.533 [cluster-ClusterId{value='6818325da2cd175fcec5186a', description='Cluster0'}-srv-cluster0.5kijm.mongodb.net] INFO  org.mongodb.driver.cluster - Adding discovered server cluster0-shard-00-00.5kijm.mongodb.net:27017 to client view of cluster
2025-05-05 09:07:01.535 [cluster-ClusterId{value='6818325da2cd175fcec5186a', description='Cluster0'}-srv-cluster0.5kijm.mongodb.net] INFO  org.mongodb.driver.cluster - Adding discovered server cluster0-shard-00-01.5kijm.mongodb.net:27017 to client view of cluster
2025-05-05 09:07:01.537 [cluster-ClusterId{value='6818325da2cd175fcec5186a', description='Cluster0'}-srv-cluster0.5kijm.mongodb.net] INFO  org.mongodb.driver.cluster - Adding discovered server cluster0-shard-00-02.5kijm.mongodb.net:27017 to client view of cluster
2025-05-05 09:07:01.558 [restartedMain] INFO  org.mongodb.driver.cluster - Waiting for server to become available for operation with ID 184. Remaining time: 30000 ms. Selector: WritableServerSelector, topology description: {type=REPLICA_SET, servers=[{address=cluster0-shard-00-00.5kijm.mongodb.net:27017, type=UNKNOWN, state=CONNECTING}, {address=cluster0-shard-00-01.5kijm.mongodb.net:27017, type=UNKNOWN, state=CONNECTING}, {address=cluster0-shard-00-02.5kijm.mongodb.net:27017, type=UNKNOWN, state=CONNECTING}].
2025-05-05 09:07:01.672 [cluster-ClusterId{value='6818325da2cd175fcec5186a', description='Cluster0'}-cluster0-shard-00-02.5kijm.mongodb.net:27017] INFO  org.mongodb.driver.cluster - Monitor thread successfully connected to server with description ServerDescription{address=cluster0-shard-00-02.5kijm.mongodb.net:27017, type=REPLICA_SET_PRIMARY, state=CONNECTED, ok=true, minWireVersion=0, maxWireVersion=25, maxDocumentSize=16777216, logicalSessionTimeoutMinutes=30, roundTripTimeNanos=95916700, setName='atlas-sva256-shard-0', canonicalAddress=cluster0-shard-00-02.5kijm.mongodb.net:27017, hosts=[cluster0-shard-00-00.5kijm.mongodb.net:27017, cluster0-shard-00-02.5kijm.mongodb.net:27017, cluster0-shard-00-01.5kijm.mongodb.net:27017], passives=[], arbiters=[], primary='cluster0-shard-00-02.5kijm.mongodb.net:27017', tagSet=TagSet{[Tag{name='availabilityZone', value='aps1-az2'}, Tag{name='diskState', value='READY'}, Tag{name='nodeType', value='ELECTABLE'}, Tag{name='provider', value='AWS'}, Tag{name='region', value='AP_SOUTH_1'}, Tag{name='workloadType', value='OPERATIONAL'}]}, electionId=7fffffff00000000000000a9, setVersion=1, topologyVersion=TopologyVersion{processId=6806239a542b9de0ff0eddeb, counter=6}, lastWriteDate=Mon May 05 09:06:57 IST 2025, lastUpdateTimeNanos=3305351973700}
2025-05-05 09:07:01.673 [cluster-ClusterId{value='6818325da2cd175fcec5186a', description='Cluster0'}-cluster0-shard-00-02.5kijm.mongodb.net:27017] INFO  org.mongodb.driver.cluster - Discovered replica set primary cluster0-shard-00-02.5kijm.mongodb.net:27017 with max election id 7fffffff00000000000000a9 and max set version 1
2025-05-05 09:07:01.694 [cluster-ClusterId{value='6818325da2cd175fcec5186a', description='Cluster0'}-cluster0-shard-00-00.5kijm.mongodb.net:27017] INFO  org.mongodb.driver.cluster - Monitor thread successfully connected to server with description ServerDescription{address=cluster0-shard-00-00.5kijm.mongodb.net:27017, type=REPLICA_SET_SECONDARY, state=CONNECTED, ok=true, minWireVersion=0, maxWireVersion=25, maxDocumentSize=16777216, logicalSessionTimeoutMinutes=30, roundTripTimeNanos=94220000, setName='atlas-sva256-shard-0', canonicalAddress=cluster0-shard-00-00.5kijm.mongodb.net:27017, hosts=[cluster0-shard-00-00.5kijm.mongodb.net:27017, cluster0-shard-00-02.5kijm.mongodb.net:27017, cluster0-shard-00-01.5kijm.mongodb.net:27017], passives=[], arbiters=[], primary='cluster0-shard-00-02.5kijm.mongodb.net:27017', tagSet=TagSet{[Tag{name='availabilityZone', value='aps1-az1'}, Tag{name='diskState', value='READY'}, Tag{name='nodeType', value='ELECTABLE'}, Tag{name='provider', value='AWS'}, Tag{name='region', value='AP_SOUTH_1'}, Tag{name='workloadType', value='OPERATIONAL'}]}, electionId=null, setVersion=1, topologyVersion=TopologyVersion{processId=680621f62746f428b206d048, counter=4}, lastWriteDate=Mon May 05 09:06:57 IST 2025, lastUpdateTimeNanos=3305374692600}
2025-05-05 09:07:01.709 [cluster-ClusterId{value='6818325da2cd175fcec5186a', description='Cluster0'}-cluster0-shard-00-01.5kijm.mongodb.net:27017] INFO  org.mongodb.driver.cluster - Monitor thread successfully connected to server with description ServerDescription{address=cluster0-shard-00-01.5kijm.mongodb.net:27017, type=REPLICA_SET_SECONDARY, state=CONNECTED, ok=true, minWireVersion=0, maxWireVersion=25, maxDocumentSize=16777216, logicalSessionTimeoutMinutes=30, roundTripTimeNanos=109029900, setName='atlas-sva256-shard-0', canonicalAddress=cluster0-shard-00-01.5kijm.mongodb.net:27017, hosts=[cluster0-shard-00-00.5kijm.mongodb.net:27017, cluster0-shard-00-02.5kijm.mongodb.net:27017, cluster0-shard-00-01.5kijm.mongodb.net:27017], passives=[], arbiters=[], primary='cluster0-shard-00-02.5kijm.mongodb.net:27017', tagSet=TagSet{[Tag{name='availabilityZone', value='aps1-az3'}, Tag{name='diskState', value='READY'}, Tag{name='nodeType', value='ELECTABLE'}, Tag{name='provider', value='AWS'}, Tag{name='region', value='AP_SOUTH_1'}, Tag{name='workloadType', value='OPERATIONAL'}]}, electionId=null, setVersion=1, topologyVersion=TopologyVersion{processId=680624ba957770debc31c384, counter=3}, lastWriteDate=Mon May 05 09:06:57 IST 2025, lastUpdateTimeNanos=3305389931600}
2025-05-05 09:07:01.930 [restartedMain] INFO  o.s.b.d.a.OptionalLiveReloadServer - LiveReload server is running on port 35729
2025-05-05 09:07:01.977 [restartedMain] INFO  o.s.s.c.a.a.c.InitializeUserDetailsBeanManagerConfigurer$InitializeUserDetailsManagerConfigurer - Global AuthenticationManager configured with UserDetailsService bean with name userDetailsServiceImpl
2025-05-05 09:07:02.247 [restartedMain] INFO  o.a.coyote.http11.Http11NioProtocol - Starting ProtocolHandler ["http-nio-8282"]
2025-05-05 09:07:02.251 [restartedMain] INFO  o.s.b.w.e.tomcat.TomcatWebServer - Tomcat started on port 8282 (http) with context path '/'
2025-05-05 09:07:02.256 [restartedMain] INFO  c.e.Journal.JournalAppWithMongoDB - Started JournalAppWithMongoDB in 1.122 seconds (process running for 585.874)
2025-05-05 09:07:02.258 [restartedMain] INFO  o.s.b.d.a.ConditionEvaluationDeltaLoggingListener - Condition evaluation unchanged
2025-05-05 09:07:10.419 [http-nio-8282-exec-1] INFO  o.a.c.c.C.[Tomcat].[localhost].[/] - Initializing Spring DispatcherServlet 'dispatcherServlet'
2025-05-05 09:07:10.419 [http-nio-8282-exec-1] INFO  o.s.web.servlet.DispatcherServlet - Initializing Servlet 'dispatcherServlet'
2025-05-05 09:07:10.421 [http-nio-8282-exec-1] INFO  o.s.web.servlet.DispatcherServlet - Completed initialization in 2 ms
2025-05-05 09:07:10.817 [http-nio-8282-exec-8] INFO  o.s.api.AbstractOpenApiResource - Init duration for springdoc-openapi is: 259 ms
2025-05-05 09:07:20.194 [http-nio-8282-exec-1] INFO  c.e.J.c.GoogleAuthController - Inside callback function for Google Authentication
2025-05-05 09:38:21.059 [http-nio-8282-exec-4] INFO  c.e.J.c.GoogleAuthController - Inside callback function for Google Authentication
2025-05-05 09:39:25.897 [http-nio-8282-exec-9] INFO  c.e.J.c.GoogleAuthController - Inside callback function for Google Authentication
2025-05-05 09:40:06.829 [http-nio-8282-exec-1] INFO  c.e.J.c.GoogleAuthController - Inside callback function for Google Authentication
2025-05-05 09:50:54.350 [http-nio-8282-exec-1] INFO  c.e.J.c.GoogleAuthController - Inside callback function for Google Authentication
2025-05-05 12:51:24.913 [cluster-ClusterId{value='6818325da2cd175fcec5186a', description='Cluster0'}-cluster0-shard-00-01.5kijm.mongodb.net:27017] INFO  org.mongodb.driver.cluster - Exception in monitor thread while connecting to server cluster0-shard-00-01.5kijm.mongodb.net:27017
com.mongodb.MongoSocketReadException: Exception receiving message
	at com.mongodb.internal.connection.InternalStreamConnection.translateReadException(InternalStreamConnection.java:707)
	at com.mongodb.internal.connection.InternalStreamConnection.receiveMessageWithAdditionalTimeout(InternalStreamConnection.java:583)
	at com.mongodb.internal.connection.InternalStreamConnection.receiveCommandMessageResponse(InternalStreamConnection.java:428)
	at com.mongodb.internal.connection.InternalStreamConnection.receive(InternalStreamConnection.java:381)
	at com.mongodb.internal.connection.DefaultServerMonitor$ServerMonitorRunnable.lookupServerDescription(DefaultServerMonitor.java:221)
	at com.mongodb.internal.connection.DefaultServerMonitor$ServerMonitorRunnable.run(DefaultServerMonitor.java:153)
	at java.base/java.lang.Thread.run(Thread.java:1570)
Caused by: java.net.SocketException: Connection reset
	at java.base/sun.nio.ch.NioSocketImpl.implRead(NioSocketImpl.java:318)
	at java.base/sun.nio.ch.NioSocketImpl.read(NioSocketImpl.java:346)
	at java.base/sun.nio.ch.NioSocketImpl$1.read(NioSocketImpl.java:796)
	at java.base/java.net.Socket$SocketInputStream.implRead(Socket.java:1108)
	at java.base/java.net.Socket$SocketInputStream.read(Socket.java:1095)
	at java.base/sun.security.ssl.SSLSocketInputRecord.read(SSLSocketInputRecord.java:489)
	at java.base/sun.security.ssl.SSLSocketInputRecord.readHeader(SSLSocketInputRecord.java:483)
	at java.base/sun.security.ssl.SSLSocketInputRecord.bytesInCompletePacket(SSLSocketInputRecord.java:70)
	at java.base/sun.security.ssl.SSLSocketImpl.readApplicationRecord(SSLSocketImpl.java:1462)
	at java.base/sun.security.ssl.SSLSocketImpl$AppInputStream.read(SSLSocketImpl.java:1068)
	at com.mongodb.internal.connection.SocketStream.read(SocketStream.java:176)
	at com.mongodb.internal.connection.SocketStream.read(SocketStream.java:196)
	at com.mongodb.internal.connection.InternalStreamConnection.receiveResponseBuffers(InternalStreamConnection.java:716)
	at com.mongodb.internal.connection.InternalStreamConnection.receiveMessageWithAdditionalTimeout(InternalStreamConnection.java:580)
	... 5 common frames omitted
2025-05-05 12:51:25.313 [cluster-ClusterId{value='6818325da2cd175fcec5186a', description='Cluster0'}-cluster0-shard-00-01.5kijm.mongodb.net:27017] INFO  org.mongodb.driver.cluster - Monitor thread successfully connected to server with description ServerDescription{address=cluster0-shard-00-01.5kijm.mongodb.net:27017, type=REPLICA_SET_SECONDARY, state=CONNECTED, ok=true, minWireVersion=0, maxWireVersion=25, maxDocumentSize=16777216, logicalSessionTimeoutMinutes=30, roundTripTimeNanos=245995900, setName='atlas-sva256-shard-0', canonicalAddress=cluster0-shard-00-01.5kijm.mongodb.net:27017, hosts=[cluster0-shard-00-00.5kijm.mongodb.net:27017, cluster0-shard-00-02.5kijm.mongodb.net:27017, cluster0-shard-00-01.5kijm.mongodb.net:27017], passives=[], arbiters=[], primary='cluster0-shard-00-02.5kijm.mongodb.net:27017', tagSet=TagSet{[Tag{name='availabilityZone', value='aps1-az3'}, Tag{name='diskState', value='READY'}, Tag{name='nodeType', value='ELECTABLE'}, Tag{name='provider', value='AWS'}, Tag{name='region', value='AP_SOUTH_1'}, Tag{name='workloadType', value='OPERATIONAL'}]}, electionId=null, setVersion=1, topologyVersion=TopologyVersion{processId=680624ba957770debc31c384, counter=3}, lastWriteDate=Mon May 05 12:51:21 IST 2025, lastUpdateTimeNanos=16769168294600}
2025-05-05 21:39:34.549 [cluster-ClusterId{value='6818325da2cd175fcec5186a', description='Cluster0'}-cluster0-shard-00-01.5kijm.mongodb.net:27017] INFO  org.mongodb.driver.cluster - Exception in monitor thread while connecting to server cluster0-shard-00-01.5kijm.mongodb.net:27017
com.mongodb.MongoSocketReadException: Exception receiving message
	at com.mongodb.internal.connection.InternalStreamConnection.translateReadException(InternalStreamConnection.java:707)
	at com.mongodb.internal.connection.InternalStreamConnection.receiveMessageWithAdditionalTimeout(InternalStreamConnection.java:583)
	at com.mongodb.internal.connection.InternalStreamConnection.receiveCommandMessageResponse(InternalStreamConnection.java:428)
	at com.mongodb.internal.connection.InternalStreamConnection.receive(InternalStreamConnection.java:381)
	at com.mongodb.internal.connection.DefaultServerMonitor$ServerMonitorRunnable.lookupServerDescription(DefaultServerMonitor.java:221)
	at com.mongodb.internal.connection.DefaultServerMonitor$ServerMonitorRunnable.run(DefaultServerMonitor.java:153)
	at java.base/java.lang.Thread.run(Thread.java:1570)
Caused by: java.net.SocketException: Connection reset
	at java.base/sun.nio.ch.NioSocketImpl.implRead(NioSocketImpl.java:318)
	at java.base/sun.nio.ch.NioSocketImpl.read(NioSocketImpl.java:346)
	at java.base/sun.nio.ch.NioSocketImpl$1.read(NioSocketImpl.java:796)
	at java.base/java.net.Socket$SocketInputStream.implRead(Socket.java:1108)
	at java.base/java.net.Socket$SocketInputStream.read(Socket.java:1095)
	at java.base/sun.security.ssl.SSLSocketInputRecord.read(SSLSocketInputRecord.java:489)
	at java.base/sun.security.ssl.SSLSocketInputRecord.readHeader(SSLSocketInputRecord.java:483)
	at java.base/sun.security.ssl.SSLSocketInputRecord.bytesInCompletePacket(SSLSocketInputRecord.java:70)
	at java.base/sun.security.ssl.SSLSocketImpl.readApplicationRecord(SSLSocketImpl.java:1462)
	at java.base/sun.security.ssl.SSLSocketImpl$AppInputStream.read(SSLSocketImpl.java:1068)
	at com.mongodb.internal.connection.SocketStream.read(SocketStream.java:176)
	at com.mongodb.internal.connection.SocketStream.read(SocketStream.java:196)
	at com.mongodb.internal.connection.InternalStreamConnection.receiveResponseBuffers(InternalStreamConnection.java:716)
	at com.mongodb.internal.connection.InternalStreamConnection.receiveMessageWithAdditionalTimeout(InternalStreamConnection.java:580)
	... 5 common frames omitted
2025-05-05 21:39:34.765 [cluster-ClusterId{value='6818325da2cd175fcec5186a', description='Cluster0'}-cluster0-shard-00-01.5kijm.mongodb.net:27017] INFO  org.mongodb.driver.cluster - Monitor thread successfully connected to server with description ServerDescription{address=cluster0-shard-00-01.5kijm.mongodb.net:27017, type=REPLICA_SET_SECONDARY, state=CONNECTED, ok=true, minWireVersion=0, maxWireVersion=25, maxDocumentSize=16777216, logicalSessionTimeoutMinutes=30, roundTripTimeNanos=101031400, setName='atlas-sva256-shard-0', canonicalAddress=cluster0-shard-00-01.5kijm.mongodb.net:27017, hosts=[cluster0-shard-00-00.5kijm.mongodb.net:27017, cluster0-shard-00-02.5kijm.mongodb.net:27017, cluster0-shard-00-01.5kijm.mongodb.net:27017], passives=[], arbiters=[], primary='cluster0-shard-00-02.5kijm.mongodb.net:27017', tagSet=TagSet{[Tag{name='availabilityZone', value='aps1-az3'}, Tag{name='diskState', value='READY'}, Tag{name='nodeType', value='ELECTABLE'}, Tag{name='provider', value='AWS'}, Tag{name='region', value='AP_SOUTH_1'}, Tag{name='workloadType', value='OPERATIONAL'}]}, electionId=null, setVersion=1, topologyVersion=TopologyVersion{processId=680624ba957770debc31c384, counter=3}, lastWriteDate=Mon May 05 21:39:29 IST 2025, lastUpdateTimeNanos=48461092860200}
2025-05-05 21:39:34.980 [cluster-ClusterId{value='6818325da2cd175fcec5186a', description='Cluster0'}-cluster0-shard-00-00.5kijm.mongodb.net:27017] INFO  org.mongodb.driver.cluster - Exception in monitor thread while connecting to server cluster0-shard-00-00.5kijm.mongodb.net:27017
com.mongodb.MongoSocketReadTimeoutException: Timeout while receiving message
	at com.mongodb.internal.connection.InternalStreamConnection.translateReadException(InternalStreamConnection.java:705)
	at com.mongodb.internal.connection.InternalStreamConnection.receiveMessageWithAdditionalTimeout(InternalStreamConnection.java:583)
	at com.mongodb.internal.connection.InternalStreamConnection.receiveCommandMessageResponse(InternalStreamConnection.java:428)
	at com.mongodb.internal.connection.InternalStreamConnection.receive(InternalStreamConnection.java:381)
	at com.mongodb.internal.connection.DefaultServerMonitor$ServerMonitorRunnable.lookupServerDescription(DefaultServerMonitor.java:221)
	at com.mongodb.internal.connection.DefaultServerMonitor$ServerMonitorRunnable.run(DefaultServerMonitor.java:153)
	at java.base/java.lang.Thread.run(Thread.java:1570)
Caused by: java.net.SocketTimeoutException: Read timed out
	at java.base/sun.nio.ch.NioSocketImpl.timedRead(NioSocketImpl.java:278)
	at java.base/sun.nio.ch.NioSocketImpl.implRead(NioSocketImpl.java:304)
	at java.base/sun.nio.ch.NioSocketImpl.read(NioSocketImpl.java:346)
	at java.base/sun.nio.ch.NioSocketImpl$1.read(NioSocketImpl.java:796)
	at java.base/java.net.Socket$SocketInputStream.implRead(Socket.java:1108)
	at java.base/java.net.Socket$SocketInputStream.read(Socket.java:1095)
	at java.base/sun.security.ssl.SSLSocketInputRecord.read(SSLSocketInputRecord.java:489)
	at java.base/sun.security.ssl.SSLSocketInputRecord.readHeader(SSLSocketInputRecord.java:483)
	at java.base/sun.security.ssl.SSLSocketInputRecord.bytesInCompletePacket(SSLSocketInputRecord.java:70)
	at java.base/sun.security.ssl.SSLSocketImpl.readApplicationRecord(SSLSocketImpl.java:1462)
	at java.base/sun.security.ssl.SSLSocketImpl$AppInputStream.read(SSLSocketImpl.java:1068)
	at com.mongodb.internal.connection.SocketStream.read(SocketStream.java:176)
	at com.mongodb.internal.connection.SocketStream.read(SocketStream.java:196)
	at com.mongodb.internal.connection.InternalStreamConnection.receiveResponseBuffers(InternalStreamConnection.java:716)
	at com.mongodb.internal.connection.InternalStreamConnection.receiveMessageWithAdditionalTimeout(InternalStreamConnection.java:580)
	... 5 common frames omitted
2025-05-05 21:39:35.195 [cluster-ClusterId{value='6818325da2cd175fcec5186a', description='Cluster0'}-cluster0-shard-00-00.5kijm.mongodb.net:27017] INFO  org.mongodb.driver.cluster - Monitor thread successfully connected to server with description ServerDescription{address=cluster0-shard-00-00.5kijm.mongodb.net:27017, type=REPLICA_SET_SECONDARY, state=CONNECTED, ok=true, minWireVersion=0, maxWireVersion=25, maxDocumentSize=16777216, logicalSessionTimeoutMinutes=30, roundTripTimeNanos=106831400, setName='atlas-sva256-shard-0', canonicalAddress=cluster0-shard-00-00.5kijm.mongodb.net:27017, hosts=[cluster0-shard-00-00.5kijm.mongodb.net:27017, cluster0-shard-00-02.5kijm.mongodb.net:27017, cluster0-shard-00-01.5kijm.mongodb.net:27017], passives=[], arbiters=[], primary='cluster0-shard-00-02.5kijm.mongodb.net:27017', tagSet=TagSet{[Tag{name='availabilityZone', value='aps1-az1'}, Tag{name='diskState', value='READY'}, Tag{name='nodeType', value='ELECTABLE'}, Tag{name='provider', value='AWS'}, Tag{name='region', value='AP_SOUTH_1'}, Tag{name='workloadType', value='OPERATIONAL'}]}, electionId=null, setVersion=1, topologyVersion=TopologyVersion{processId=680621f62746f428b206d048, counter=4}, lastWriteDate=Mon May 05 21:39:30 IST 2025, lastUpdateTimeNanos=48461522704700}
2025-05-05 21:39:35.109 [cluster-ClusterId{value='6818325da2cd175fcec5186a', description='Cluster0'}-cluster0-shard-00-02.5kijm.mongodb.net:27017] INFO  org.mongodb.driver.cluster - Exception in monitor thread while connecting to server cluster0-shard-00-02.5kijm.mongodb.net:27017
com.mongodb.MongoSocketReadTimeoutException: Timeout while receiving message
	at com.mongodb.internal.connection.InternalStreamConnection.translateReadException(InternalStreamConnection.java:705)
	at com.mongodb.internal.connection.InternalStreamConnection.receiveMessageWithAdditionalTimeout(InternalStreamConnection.java:583)
	at com.mongodb.internal.connection.InternalStreamConnection.receiveCommandMessageResponse(InternalStreamConnection.java:428)
	at com.mongodb.internal.connection.InternalStreamConnection.receive(InternalStreamConnection.java:381)
	at com.mongodb.internal.connection.DefaultServerMonitor$ServerMonitorRunnable.lookupServerDescription(DefaultServerMonitor.java:221)
	at com.mongodb.internal.connection.DefaultServerMonitor$ServerMonitorRunnable.run(DefaultServerMonitor.java:153)
	at java.base/java.lang.Thread.run(Thread.java:1570)
Caused by: java.net.SocketTimeoutException: Read timed out
	at java.base/sun.nio.ch.NioSocketImpl.timedRead(NioSocketImpl.java:278)
	at java.base/sun.nio.ch.NioSocketImpl.implRead(NioSocketImpl.java:304)
	at java.base/sun.nio.ch.NioSocketImpl.read(NioSocketImpl.java:346)
	at java.base/sun.nio.ch.NioSocketImpl$1.read(NioSocketImpl.java:796)
	at java.base/java.net.Socket$SocketInputStream.implRead(Socket.java:1108)
	at java.base/java.net.Socket$SocketInputStream.read(Socket.java:1095)
	at java.base/sun.security.ssl.SSLSocketInputRecord.read(SSLSocketInputRecord.java:489)
	at java.base/sun.security.ssl.SSLSocketInputRecord.readHeader(SSLSocketInputRecord.java:483)
	at java.base/sun.security.ssl.SSLSocketInputRecord.bytesInCompletePacket(SSLSocketInputRecord.java:70)
	at java.base/sun.security.ssl.SSLSocketImpl.readApplicationRecord(SSLSocketImpl.java:1462)
	at java.base/sun.security.ssl.SSLSocketImpl$AppInputStream.read(SSLSocketImpl.java:1068)
	at com.mongodb.internal.connection.SocketStream.read(SocketStream.java:176)
	at com.mongodb.internal.connection.SocketStream.read(SocketStream.java:196)
	at com.mongodb.internal.connection.InternalStreamConnection.receiveResponseBuffers(InternalStreamConnection.java:716)
	at com.mongodb.internal.connection.InternalStreamConnection.receiveMessageWithAdditionalTimeout(InternalStreamConnection.java:580)
	... 5 common frames omitted
2025-05-05 21:39:36.843 [cluster-ClusterId{value='6818325da2cd175fcec5186a', description='Cluster0'}-cluster0-shard-00-02.5kijm.mongodb.net:27017] INFO  org.mongodb.driver.cluster - Monitor thread successfully connected to server with description ServerDescription{address=cluster0-shard-00-02.5kijm.mongodb.net:27017, type=REPLICA_SET_PRIMARY, state=CONNECTED, ok=true, minWireVersion=0, maxWireVersion=25, maxDocumentSize=16777216, logicalSessionTimeoutMinutes=30, roundTripTimeNanos=88431700, setName='atlas-sva256-shard-0', canonicalAddress=cluster0-shard-00-02.5kijm.mongodb.net:27017, hosts=[cluster0-shard-00-00.5kijm.mongodb.net:27017, cluster0-shard-00-02.5kijm.mongodb.net:27017, cluster0-shard-00-01.5kijm.mongodb.net:27017], passives=[], arbiters=[], primary='cluster0-shard-00-02.5kijm.mongodb.net:27017', tagSet=TagSet{[Tag{name='availabilityZone', value='aps1-az2'}, Tag{name='diskState', value='READY'}, Tag{name='nodeType', value='ELECTABLE'}, Tag{name='provider', value='AWS'}, Tag{name='region', value='AP_SOUTH_1'}, Tag{name='workloadType', value='OPERATIONAL'}]}, electionId=7fffffff00000000000000a9, setVersion=1, topologyVersion=TopologyVersion{processId=6806239a542b9de0ff0eddeb, counter=6}, lastWriteDate=Mon May 05 21:39:32 IST 2025, lastUpdateTimeNanos=48463170460400}
2025-05-05 21:39:36.843 [cluster-ClusterId{value='6818325da2cd175fcec5186a', description='Cluster0'}-cluster0-shard-00-02.5kijm.mongodb.net:27017] INFO  org.mongodb.driver.cluster - Discovered replica set primary cluster0-shard-00-02.5kijm.mongodb.net:27017 with max election id 7fffffff00000000000000a9 and max set version 1
