2024-09-04 08:57:40 [main] INFO  FirstProjectApplication - Starting MySpringBootApplication...
2024-09-04 08:57:41 [main] INFO  FirstProjectApplication - Starting FirstProjectApplication using Java 17.0.10 with PID 21092 (D:\Prince\Workspace\Eclipse\CodeBasedLearning\SpringBoot_E_Digest\Logs\Logging_Log4j2_Multi\target\classes started by erpri in D:\Prince\Workspace\Eclipse\CodeBasedLearning\SpringBoot_E_Digest\Logs\Logging_Log4j2_Multi)
2024-09-04 08:57:41 [main] DEBUG FirstProjectApplication - Running with Spring Boot v3.3.3, Spring v6.1.12
2024-09-04 08:57:41 [main] INFO  FirstProjectApplication - No active profile set, falling back to 1 default profile: "default"
2024-09-04 08:57:41 [main] INFO  TomcatWebServer - Tomcat initialized with port 8282 (http)
2024-09-04 08:57:41 [main] INFO  Http11NioProtocol - Initializing ProtocolHandler ["http-nio-8282"]
2024-09-04 08:57:41 [main] INFO  StandardService - Starting service [Tomcat]
2024-09-04 08:57:41 [main] INFO  StandardEngine - Starting Servlet engine: [Apache Tomcat/10.1.28]
2024-09-04 08:57:42 [main] INFO  [/] - Initializing Spring embedded WebApplicationContext
2024-09-04 08:57:42 [main] INFO  ServletWebServerApplicationContext - Root WebApplicationContext: initialization completed in 693 ms
2024-09-04 08:57:42 [main] INFO  Http11NioProtocol - Starting ProtocolHandler ["http-nio-8282"]
2024-09-04 08:57:42 [main] INFO  TomcatWebServer - Tomcat started on port 8282 (http) with context path '/'
2024-09-04 08:57:42 [main] INFO  FirstProjectApplication - Started FirstProjectApplication in 1.303 seconds (process running for 2.134)
2024-09-04 08:57:42 [main] INFO  FirstProjectApplication - MySpringBootApplication started successfully!!!
2024-09-04 08:57:42 [main] DEBUG FirstProjectApplication - Testing the debug
2024-09-04 08:57:42 [main] ERROR FirstProjectApplication - Testing the Error
2024-09-04 09:00:05 [http-nio-8282-exec-2] INFO  [/] - Initializing Spring DispatcherServlet 'dispatcherServlet'
2024-09-04 09:00:05 [http-nio-8282-exec-2] INFO  DispatcherServlet - Initializing Servlet 'dispatcherServlet'
2024-09-04 09:00:05 [http-nio-8282-exec-2] INFO  DispatcherServlet - Completed initialization in 1 ms
2024-09-04 09:04:25 [RMI TCP Connection(10)-127.0.0.1] INFO  SpringApplicationAdminMXBeanRegistrar$SpringApplicationAdmin - Application shutdown requested.
2024-09-04 09:04:25 [RMI TCP Connection(10)-127.0.0.1] INFO  Http11NioProtocol - Stopping ProtocolHandler ["http-nio-8282"]
2024-09-04 09:04:35 [main] INFO  FirstProjectApplication - Starting MySpringBootApplication...
2024-09-04 09:04:35 [main] INFO  FirstProjectApplication - Starting FirstProjectApplication using Java 17.0.10 with PID 19252 (D:\Prince\Workspace\Eclipse\CodeBasedLearning\SpringBoot_E_Digest\Logs\Logging_Log4j2_Multi\target\classes started by erpri in D:\Prince\Workspace\Eclipse\CodeBasedLearning\SpringBoot_E_Digest\Logs\Logging_Log4j2_Multi)
2024-09-04 09:04:35 [main] DEBUG FirstProjectApplication - Running with Spring Boot v3.3.3, Spring v6.1.12
2024-09-04 09:04:35 [main] INFO  FirstProjectApplication - No active profile set, falling back to 1 default profile: "default"
2024-09-04 09:04:36 [main] INFO  TomcatWebServer - Tomcat initialized with port 8282 (http)
2024-09-04 09:04:36 [main] INFO  Http11NioProtocol - Initializing ProtocolHandler ["http-nio-8282"]
2024-09-04 09:04:36 [main] INFO  StandardService - Starting service [Tomcat]
2024-09-04 09:04:36 [main] INFO  StandardEngine - Starting Servlet engine: [Apache Tomcat/10.1.28]
2024-09-04 09:04:36 [main] INFO  [/] - Initializing Spring embedded WebApplicationContext
2024-09-04 09:04:36 [main] INFO  ServletWebServerApplicationContext - Root WebApplicationContext: initialization completed in 560 ms
2024-09-04 09:04:36 [main] INFO  Http11NioProtocol - Starting ProtocolHandler ["http-nio-8282"]
2024-09-04 09:04:36 [main] INFO  TomcatWebServer - Tomcat started on port 8282 (http) with context path '/'
2024-09-04 09:04:36 [main] INFO  FirstProjectApplication - Started FirstProjectApplication in 1.08 seconds (process running for 1.778)
2024-09-04 09:04:36 [main] INFO  FirstProjectApplication - MySpringBootApplication started successfully!!!
2024-09-04 09:04:36 [main] DEBUG FirstProjectApplication - Testing the debug
2024-09-04 09:04:36 [main] ERROR FirstProjectApplication - Testing the Error
2024-09-04 09:04:43 [RMI TCP Connection(2)-127.0.0.1] INFO  SpringApplicationAdminMXBeanRegistrar$SpringApplicationAdmin - Application shutdown requested.
2024-09-04 09:04:43 [RMI TCP Connection(2)-127.0.0.1] INFO  Http11NioProtocol - Stopping ProtocolHandler ["http-nio-8282"]
2024-09-04 09:05:06 [main] INFO  FirstProjectApplication - Starting MySpringBootApplication...
2024-09-04 09:05:07 [main] INFO  FirstProjectApplication - Starting FirstProjectApplication using Java 17.0.10 with PID 5368 (D:\Prince\Workspace\Eclipse\CodeBasedLearning\SpringBoot_E_Digest\Logs\Logging_Log4j2_Multi\target\classes started by erpri in D:\Prince\Workspace\Eclipse\CodeBasedLearning\SpringBoot_E_Digest\Logs\Logging_Log4j2_Multi)
2024-09-04 09:05:07 [main] DEBUG FirstProjectApplication - Running with Spring Boot v3.3.3, Spring v6.1.12
2024-09-04 09:05:07 [main] INFO  FirstProjectApplication - No active profile set, falling back to 1 default profile: "default"
2024-09-04 09:05:07 [main] INFO  TomcatWebServer - Tomcat initialized with port 8282 (http)
2024-09-04 09:05:07 [main] INFO  Http11NioProtocol - Initializing ProtocolHandler ["http-nio-8282"]
2024-09-04 09:05:07 [main] INFO  StandardService - Starting service [Tomcat]
2024-09-04 09:05:07 [main] INFO  StandardEngine - Starting Servlet engine: [Apache Tomcat/10.1.28]
2024-09-04 09:05:07 [main] INFO  [/] - Initializing Spring embedded WebApplicationContext
2024-09-04 09:05:07 [main] INFO  ServletWebServerApplicationContext - Root WebApplicationContext: initialization completed in 539 ms
2024-09-04 09:05:07 [main] INFO  Http11NioProtocol - Starting ProtocolHandler ["http-nio-8282"]
2024-09-04 09:05:07 [main] INFO  TomcatWebServer - Tomcat started on port 8282 (http) with context path '/'
2024-09-04 09:05:07 [main] INFO  FirstProjectApplication - Started FirstProjectApplication in 1.043 seconds (process running for 1.648)
2024-09-04 09:05:07 [main] INFO  FirstProjectApplication - MySpringBootApplication started successfully!!!
2024-09-04 09:05:07 [main] DEBUG FirstProjectApplication - Testing the debug
2024-09-04 09:05:07 [main] ERROR FirstProjectApplication - Testing the Error
2024-09-04 09:07:37 [RMI TCP Connection(7)-127.0.0.1] INFO  SpringApplicationAdminMXBeanRegistrar$SpringApplicationAdmin - Application shutdown requested.
2024-09-04 09:07:37 [RMI TCP Connection(7)-127.0.0.1] INFO  Http11NioProtocol - Stopping ProtocolHandler ["http-nio-8282"]
2024-09-04 09:19:05 [main] INFO  FirstProjectApplication - Starting MySpringBootApplication...
2024-09-04 09:19:05 [main] INFO  FirstProjectApplication - Starting FirstProjectApplication using Java 17.0.10 with PID 19892 (D:\Prince\Workspace\Eclipse\CodeBasedLearning\SpringBoot_E_Digest\Logs\Logging_Log4j2_Multi\target\classes started by erpri in D:\Prince\Workspace\Eclipse\CodeBasedLearning\SpringBoot_E_Digest\Logs\Logging_Log4j2_Multi)
2024-09-04 09:19:05 [main] DEBUG FirstProjectApplication - Running with Spring Boot v3.3.3, Spring v6.1.12
2024-09-04 09:19:05 [main] INFO  FirstProjectApplication - No active profile set, falling back to 1 default profile: "default"
2024-09-04 09:19:06 [main] INFO  TomcatWebServer - Tomcat initialized with port 8282 (http)
2024-09-04 09:19:06 [main] INFO  Http11NioProtocol - Initializing ProtocolHandler ["http-nio-8282"]
2024-09-04 09:19:06 [main] INFO  StandardService - Starting service [Tomcat]
2024-09-04 09:19:06 [main] INFO  StandardEngine - Starting Servlet engine: [Apache Tomcat/10.1.28]
2024-09-04 09:19:06 [main] INFO  [/] - Initializing Spring embedded WebApplicationContext
2024-09-04 09:19:06 [main] INFO  ServletWebServerApplicationContext - Root WebApplicationContext: initialization completed in 545 ms
2024-09-04 09:19:06 [main] INFO  Http11NioProtocol - Starting ProtocolHandler ["http-nio-8282"]
2024-09-04 09:19:06 [main] INFO  TomcatWebServer - Tomcat started on port 8282 (http) with context path '/'
2024-09-04 09:19:06 [main] INFO  FirstProjectApplication - Started FirstProjectApplication in 1.046 seconds (process running for 1.694)
2024-09-04 09:19:06 [main] INFO  FirstProjectApplication - MySpringBootApplication started successfully!!!
2024-09-04 09:19:06 [main] DEBUG FirstProjectApplication - Testing the debug
2024-09-04 09:19:06 [main] ERROR FirstProjectApplication - Testing the Error
2024-09-04 09:19:35 [http-nio-8282-exec-2] INFO  [/] - Initializing Spring DispatcherServlet 'dispatcherServlet'
2024-09-04 09:19:35 [http-nio-8282-exec-2] INFO  DispatcherServlet - Initializing Servlet 'dispatcherServlet'
2024-09-04 09:19:35 [http-nio-8282-exec-2] INFO  DispatcherServlet - Completed initialization in 0 ms
2024-09-04 09:24:30 [RMI TCP Connection(9)-127.0.0.1] INFO  SpringApplicationAdminMXBeanRegistrar$SpringApplicationAdmin - Application shutdown requested.
2024-09-04 09:24:30 [RMI TCP Connection(9)-127.0.0.1] INFO  Http11NioProtocol - Stopping ProtocolHandler ["http-nio-8282"]
2024-09-04 09:24:36 [main] INFO  FirstProjectApplication - Starting MySpringBootApplication...
2024-09-04 09:24:36 [main] INFO  FirstProjectApplication - Starting FirstProjectApplication using Java 17.0.10 with PID 6812 (D:\Prince\Workspace\Eclipse\CodeBasedLearning\SpringBoot_E_Digest\Logs\Logging_Log4j2_Multi\target\classes started by erpri in D:\Prince\Workspace\Eclipse\CodeBasedLearning\SpringBoot_E_Digest\Logs\Logging_Log4j2_Multi)
2024-09-04 09:24:36 [main] DEBUG FirstProjectApplication - Running with Spring Boot v3.3.3, Spring v6.1.12
2024-09-04 09:24:36 [main] INFO  FirstProjectApplication - No active profile set, falling back to 1 default profile: "default"
2024-09-04 09:24:37 [main] INFO  TomcatWebServer - Tomcat initialized with port 8282 (http)
2024-09-04 09:24:37 [main] INFO  Http11NioProtocol - Initializing ProtocolHandler ["http-nio-8282"]
2024-09-04 09:24:37 [main] INFO  StandardService - Starting service [Tomcat]
2024-09-04 09:24:37 [main] INFO  StandardEngine - Starting Servlet engine: [Apache Tomcat/10.1.28]
2024-09-04 09:24:37 [main] INFO  [/] - Initializing Spring embedded WebApplicationContext
2024-09-04 09:24:37 [main] INFO  ServletWebServerApplicationContext - Root WebApplicationContext: initialization completed in 557 ms
2024-09-04 09:24:37 [main] INFO  Http11NioProtocol - Starting ProtocolHandler ["http-nio-8282"]
2024-09-04 09:24:37 [main] INFO  TomcatWebServer - Tomcat started on port 8282 (http) with context path '/'
2024-09-04 09:24:37 [main] INFO  FirstProjectApplication - Started FirstProjectApplication in 1.069 seconds (process running for 1.68)
2024-09-04 09:24:37 [main] INFO  FirstProjectApplication - MySpringBootApplication started successfully!!!
2024-09-04 09:24:37 [main] DEBUG FirstProjectApplication - Testing the debug
2024-09-04 09:24:37 [main] ERROR FirstProjectApplication - Testing the Error
2024-09-04 09:24:49 [http-nio-8282-exec-1] INFO  [/] - Initializing Spring DispatcherServlet 'dispatcherServlet'
2024-09-04 09:24:49 [http-nio-8282-exec-1] INFO  DispatcherServlet - Initializing Servlet 'dispatcherServlet'
2024-09-04 09:24:49 [http-nio-8282-exec-1] INFO  DispatcherServlet - Completed initialization in 1 ms
2024-09-04 09:29:43 [RMI TCP Connection(7)-127.0.0.1] INFO  SpringApplicationAdminMXBeanRegistrar$SpringApplicationAdmin - Application shutdown requested.
2024-09-04 09:29:43 [RMI TCP Connection(7)-127.0.0.1] INFO  Http11NioProtocol - Stopping ProtocolHandler ["http-nio-8282"]
2024-09-04 09:29:50 [main] INFO  FirstProjectApplication - Starting MySpringBootApplication...
2024-09-04 09:29:51 [main] INFO  FirstProjectApplication - Starting FirstProjectApplication using Java 17.0.10 with PID 17092 (D:\Prince\Workspace\Eclipse\CodeBasedLearning\SpringBoot_E_Digest\Logs\Logging_Log4j2_Multi\target\classes started by erpri in D:\Prince\Workspace\Eclipse\CodeBasedLearning\SpringBoot_E_Digest\Logs\Logging_Log4j2_Multi)
2024-09-04 09:29:51 [main] DEBUG FirstProjectApplication - Running with Spring Boot v3.3.3, Spring v6.1.12
2024-09-04 09:29:51 [main] INFO  FirstProjectApplication - No active profile set, falling back to 1 default profile: "default"
2024-09-04 09:29:51 [main] INFO  TomcatWebServer - Tomcat initialized with port 8282 (http)
2024-09-04 09:29:51 [main] INFO  Http11NioProtocol - Initializing ProtocolHandler ["http-nio-8282"]
2024-09-04 09:29:51 [main] INFO  StandardService - Starting service [Tomcat]
2024-09-04 09:29:51 [main] INFO  StandardEngine - Starting Servlet engine: [Apache Tomcat/10.1.28]
2024-09-04 09:29:51 [main] INFO  [/] - Initializing Spring embedded WebApplicationContext
2024-09-04 09:29:51 [main] INFO  ServletWebServerApplicationContext - Root WebApplicationContext: initialization completed in 560 ms
2024-09-04 09:29:51 [main] INFO  Http11NioProtocol - Starting ProtocolHandler ["http-nio-8282"]
2024-09-04 09:29:51 [main] INFO  TomcatWebServer - Tomcat started on port 8282 (http) with context path '/'
2024-09-04 09:29:51 [main] INFO  FirstProjectApplication - Started FirstProjectApplication in 1.111 seconds (process running for 1.777)
2024-09-04 09:29:51 [main] INFO  FirstProjectApplication - MySpringBootApplication started successfully!!!
2024-09-04 09:29:51 [main] DEBUG FirstProjectApplication - Testing the debug
2024-09-04 09:29:51 [main] ERROR FirstProjectApplication - Testing the Error
2024-09-04 09:29:56 [http-nio-8282-exec-4] INFO  [/] - Initializing Spring DispatcherServlet 'dispatcherServlet'
2024-09-04 09:29:56 [http-nio-8282-exec-4] INFO  DispatcherServlet - Initializing Servlet 'dispatcherServlet'
2024-09-04 09:29:56 [http-nio-8282-exec-4] INFO  DispatcherServlet - Completed initialization in 3 ms
2024-09-04 09:30:23 [RMI TCP Connection(4)-127.0.0.1] INFO  SpringApplicationAdminMXBeanRegistrar$SpringApplicationAdmin - Application shutdown requested.
2024-09-04 09:30:23 [RMI TCP Connection(4)-127.0.0.1] INFO  Http11NioProtocol - Stopping ProtocolHandler ["http-nio-8282"]
